<?xml version="1.0" encoding="UTF-8"?>
<testsuite name="com.ceet.runners.BaseRunner" tests="1" skipped="0" failures="0" errors="0" timestamp="2020-09-30T16:32:10" hostname="DESKTOP-3010S6I" time="13.84">
  <properties/>
  <testcase name="runTest" classname="com.ceet.runners.BaseRunner" time="13.84"/>
  <system-out><![CDATA[---------------------------------------------------------
feature: src/test/resources/features/metodo_get.feature
report: target\surefire-reports\src.test.resources.features.metodo_get.json
scenarios:  1 | passed:  1 | failed:  0 | time: 9,3485
---------------------------------------------------------
Karate version: 0.9.4
======================================================
elapsed:  10,68 | threads:    1 | thread time: 9,35 
features:     1 | ignored:    0 | efficiency: 0,88
scenarios:    1 | passed:     1 | failed: 0
======================================================

]]></system-out>
  <system-err><![CDATA[SLF4J: Class path contains multiple SLF4J bindings.
SLF4J: Found binding in [jar:file:/C:/Users/QV-2538/.gradle/caches/modules-2/files-2.1/org.slf4j/slf4j-log4j12/1.7.28/9c45c87557628d1c06d770e1382932dc781e3d5d/slf4j-log4j12-1.7.28.jar!/org/slf4j/impl/StaticLoggerBinder.class]
SLF4J: Found binding in [jar:file:/C:/Users/QV-2538/.gradle/caches/modules-2/files-2.1/ch.qos.logback/logback-classic/1.2.3/7c4f3c474fb2c041d8028740440937705ebb473a/logback-classic-1.2.3.jar!/org/slf4j/impl/StaticLoggerBinder.class]
SLF4J: See http://www.slf4j.org/codes.html#multiple_bindings for an explanation.
SLF4J: Actual binding is of type [org.slf4j.impl.Log4jLoggerFactory]
log4j:WARN No appenders could be found for logger (com.jayway.jsonpath.internal.path.CompiledPath).
log4j:WARN Please initialize the log4j system properly.
log4j:WARN See http://logging.apache.org/log4j/1.2/faq.html#noconfig for more info.
Sep 30, 2020 11:32:22 AM net.masterthought.cucumber.ReportParser parseJsonFiles
INFO: File 'C:\Alexi\ElTiempo\WorkSpace\KarateServicios\target\surefire-reports\src.test.resources.features.metodo_get.json' contains 1 features
]]></system-err>
</testsuite>
